<?xml version="1.0" encoding="utf-8"?><testsuites name="pytest tests"><testsuite name="pytest" errors="0" failures="6" skipped="0" tests="28" time="6.147" timestamp="2026-07-03T13:44:38.041448+00:00" hostname="agent-env-f27eccbb-b16e-4095-94f1-28a87ccaafe0"><testcase classname="tests.backend_test.TestPoliticians" name="test_list_public" time="0.237" /><testcase classname="tests.backend_test.TestAuth" name="test_login_success" time="0.497" /><testcase classname="tests.backend_test.TestPoliticians" name="test_create_requires_admin" time="0.257" /><testcase classname="tests.backend_test.TestAuth" name="test_login_invalid_password" time="0.356" /><testcase classname="tests.backend_test.TestAuth" name="test_me_bearer" time="0.644" /><testcase classname="tests.backend_test.TestPoliticians" name="test_create_politician" time="1.091" /><testcase classname="tests.backend_test.TestAuth" name="test_me_unauthenticated" time="0.147" /><testcase classname="tests.backend_test.TestPoliticians" name="test_update_politician_partial" time="0.212" /><testcase classname="tests.backend_test.TestAuth" name="test_logout" time="0.103" /><testcase classname="tests.backend_test.TestAuth" name="test_providers_public" time="0.102" /><testcase classname="tests.backend_test.TestPoliticians" name="test_add_wealth_net_worth_default" time="0.252" /><testcase classname="tests.backend_test.TestSignupRequests" name="test_create_signup_valid" time="0.262" /><testcase classname="tests.backend_test.TestPoliticians" name="test_update_wealth" time="0.140" /><testcase classname="tests.backend_test.TestSignupRequests" name="test_duplicate_pending_no_dup" time="0.342"><failure message="AssertionError: expected 1 pending, got 0&#10;assert 0 == 1&#10; +  where 0 = len([])">backend/tests/backend_test.py:120: in test_duplicate_pending_no_dup
    assert len(matches) == 1, f"expected 1 pending, got {len(matches)}"
E   AssertionError: expected 1 pending, got 0
E   assert 0 == 1
E    +  where 0 = len([])</failure></testcase><testcase classname="tests.backend_test.TestPoliticians" name="test_add_relative_and_relative_wealth" time="0.333" /><testcase classname="tests.backend_test.TestSignupRequests" name="test_invalid_country_code" time="0.095" /><testcase classname="tests.backend_test.TestPoliticians" name="test_soft_delete_politician" time="0.347" /><testcase classname="tests.backend_test.TestSignupRequests" name="test_approve_and_invitation_flow" time="0.248"><failure message="StopIteration">backend/tests/backend_test.py:139: in test_approve_and_invitation_flow
    req = next(x for x in r_list.json()["items"] if x["email"] == email)
          ^^^^^^^^^^^^^^^^^^^^^^^^^^^^^^^^^^^^^^^^^^^^^^^^^^^^^^^^^^^^^^
E   StopIteration</failure></testcase><testcase classname="tests.backend_test.TestSignupRequests" name="test_reject" time="0.244"><failure message="StopIteration">backend/tests/backend_test.py:173: in test_reject
    req = next(x for x in r_list.json()["items"] if x["email"] == email)
          ^^^^^^^^^^^^^^^^^^^^^^^^^^^^^^^^^^^^^^^^^^^^^^^^^^^^^^^^^^^^^^
E   StopIteration</failure></testcase><testcase classname="tests.backend_test.TestReferenceData" name="test_countries_seeded" time="0.111" /><testcase classname="tests.backend_test.TestReferenceData" name="test_state_city_constituency_crud" time="1.351" /><testcase classname="tests.backend_test.TestAdminManagement" name="test_create_admin_and_super_guard" time="1.189"><failure message="assert 422 == 200&#10; +  where 422 = &lt;Response [422]&gt;.status_code">backend/tests/backend_test.py:360: in test_create_admin_and_super_guard
    assert r_pol.status_code == 200
E   assert 422 == 200
E    +  where 422 = &lt;Response [422]&gt;.status_code</failure></testcase><testcase classname="tests.backend_test.TestAdminManagement" name="test_cannot_modify_super_admin" time="0.320" /><testcase classname="tests.backend_test.TestRoleGuards" name="test_unauth_returns_401" time="0.096" /><testcase classname="tests.backend_test.TestRoleGuards" name="test_admin_endpoints_require_super" time="0.257"><failure message="StopIteration">backend/tests/backend_test.py:393: in test_admin_endpoints_require_super
    req_id = next(x for x in r_list.json()["items"] if x["email"] == email)["id"]
             ^^^^^^^^^^^^^^^^^^^^^^^^^^^^^^^^^^^^^^^^^^^^^^^^^^^^^^^^^^^^^^
E   StopIteration</failure></testcase><testcase classname="tests.backend_test" name="test_health" time="0.100" /><testcase classname="tests.backend_test.TestTrash" name="test_trash_restore_purge_country" time="0.774" /><testcase classname="tests.backend_test.TestAuditLog" name="test_audit_list_and_filter" time="0.115"><failure message="assert 500 == 200&#10; +  where 500 = &lt;Response [500]&gt;.status_code">backend/tests/backend_test.py:414: in test_audit_list_and_filter
    assert r.status_code == 200
E   assert 500 == 200
E    +  where 500 = &lt;Response [500]&gt;.status_code</failure></testcase></testsuite></testsuites>